\BOOKMARK [1][-]{section.1}{\376\377\000I\000n\000t\000r\000o\000d\000u\000c\000t\000i\000o\000n}{}% 1
\BOOKMARK [1][-]{section.2}{\376\377\000R\000e\000s\000u\000l\000t\000s}{}% 2
\BOOKMARK [2][-]{subsection.2.1}{\376\377\000M\000e\000t\000a\000s\000t\000a\000b\000l\000e\000\040\000D\000y\000n\000a\000m\000i\000c\000s\000\040\000i\000n\000\040\000C\000l\000u\000s\000t\000e\000r\000e\000d\000\040\000N\000e\000t\000w\000o\000r\000k\000s}{section.2}% 3
\BOOKMARK [3][-]{subsubsection.2.1.1}{\376\377\000M\000e\000a\000n\000\040\000R\000a\000t\000e}{subsection.2.1}% 4
\BOOKMARK [3][-]{subsubsection.2.1.2}{\376\377\000V\000a\000r\000i\000a\000b\000i\000l\000i\000t\000y}{subsection.2.1}% 5
\BOOKMARK [3][-]{subsubsection.2.1.3}{\376\377\000C\000o\000r\000r\000e\000l\000a\000t\000i\000o\000n\000s}{subsection.2.1}% 6
\BOOKMARK [3][-]{subsubsection.2.1.4}{\376\377\000T\000i\000m\000e\000s\000c\000a\000l\000e\000s}{subsection.2.1}% 7
\BOOKMARK [2][-]{subsection.2.2}{\376\377\000C\000r\000i\000t\000i\000c\000a\000l\000\040\000C\000l\000u\000s\000t\000e\000r\000\040\000S\000t\000r\000e\000n\000g\000t\000h}{section.2}% 8
\BOOKMARK [1][-]{section.3}{\376\377\000D\000i\000s\000c\000u\000s\000s\000i\000o\000n}{}% 9
\BOOKMARK [2][-]{subsection.3.1}{\376\377\000I\000n\000t\000e\000r\000p\000r\000e\000t\000a\000t\000i\000o\000n}{section.3}% 10
\BOOKMARK [2][-]{subsection.3.2}{\376\377\000L\000i\000m\000i\000t\000a\000t\000i\000o\000n\000s}{section.3}% 11
\BOOKMARK [2][-]{subsection.3.3}{\376\377\000F\000u\000t\000u\000r\000e\000\040\000D\000i\000r\000e\000c\000t\000i\000o\000n\000s}{section.3}% 12
\BOOKMARK [1][-]{section.4}{\376\377\000E\000x\000t\000e\000n\000s\000i\000o\000n\000s}{}% 13
\BOOKMARK [2][-]{subsection.4.1}{\376\377\000E\000x\000t\000e\000n\000s\000i\000o\000n\000\040\0001}{section.4}% 14
\BOOKMARK [2][-]{subsection.4.2}{\376\377\000E\000x\000t\000e\000n\000s\000i\000o\000n\000\040\0002}{section.4}% 15
\BOOKMARK [1][-]{section.5}{\376\377\000M\000o\000d\000e\000l}{}% 16
\BOOKMARK [2][-]{subsection.5.1}{\376\377\000N\000e\000t\000w\000o\000r\000k\000\040\000A\000r\000c\000h\000i\000t\000e\000c\000t\000u\000r\000e}{section.5}% 17
\BOOKMARK [2][-]{subsection.5.2}{\376\377\000N\000e\000u\000r\000o\000n\000\040\000M\000o\000d\000e\000l}{section.5}% 18
\BOOKMARK [2][-]{subsection.5.3}{\376\377\000C\000o\000n\000n\000e\000c\000t\000i\000v\000i\000t\000y}{section.5}% 19
\BOOKMARK [2][-]{subsection.5.4}{\376\377\000P\000a\000r\000a\000m\000e\000t\000e\000r\000s}{section.5}% 20
